<?xml version="1.0" encoding="UTF-8"?>
<!-- Generated by org.testng.reporters.JUnitReportReporter -->
<testsuite skipped="0" hostname="LAPTOP-G761GEVU" name="bunningsWishList.testCases.TC_BunningsWishList" tests="2" failures="0" timestamp="31 Jul 2019 04:09:44 GMT" time="21.197" errors="0">
  <testcase name="verifySearchresultText" time="15.237" classname="bunningsWishList.testCases.TC_BunningsWishList"/>
  <testcase name="verifyProductAddedToWishlist" time="5.960" classname="bunningsWishList.testCases.TC_BunningsWishList"/>
</testsuite> <!-- bunningsWishList.testCases.TC_BunningsWishList -->
