<?xml version="1.0" encoding="UTF-8"?>
<!-- Generated by org.testng.reporters.JUnitReportReporter -->
<testsuite skipped="0" hostname="LAPTOP-G761GEVU" name="bunningsWishList.testCases.TC_BunningsWishList" tests="2" failures="0" timestamp="22 Jun 2019 12:36:28 GMT" time="12.492" errors="0">
  <testcase name="verifySearchresultText" time="7.444" classname="bunningsWishList.testCases.TC_BunningsWishList"/>
  <testcase name="verifyProductAddedToWishlist" time="5.048" classname="bunningsWishList.testCases.TC_BunningsWishList"/>
</testsuite> <!-- bunningsWishList.testCases.TC_BunningsWishList -->
